<?xml version="1.0" encoding="UTF-8" ?>
<testsuite tests="4" failures="0" name="RouteCalculatorTest" time="0.006" errors="0" skipped="0">
  <properties>
[...]
</properties>
  <testcase classname="RouteCalculatorTest" name="getShortestRoute" time="0.006"/>
  <testcase classname="RouteCalculatorTest" name="getShortestRoute1" time="0"/>
  <testcase classname="RouteCalculatorTest" name="getShortestRoute2" time="0"/>
  <testcase classname="RouteCalculatorTest" name="calculateDuration" time="0"/>
</testsuite>